#
# A fatal error has been detected by the Java Runtime Environment:
#
#  EXCEPTION_ACCESS_VIOLATION (0xc0000005) at pc=0x00007ffea4151089, pid=440, tid=0x00000000000019cc
#
# JRE version: Java(TM) SE Runtime Environment (8.0_101-b13) (build 1.8.0_101-b13)
# Java VM: Java HotSpot(TM) 64-Bit Server VM (25.101-b13 mixed mode windows-amd64 compressed oops)
# Problematic frame:
# C  [opencv_java2413.dll+0x1089]
#
# Failed to write core dump. Minidumps are not enabled by default on client versions of Windows
#
# If you would like to submit a bug report, please visit:
#   http://bugreport.java.com/bugreport/crash.jsp
# The crash happened outside the Java Virtual Machine in native code.
# See problematic frame for where to report the bug.
#

---------------  T H R E A D  ---------------

Current thread (0x0000000015d9a000):  JavaThread "Finalizer" daemon [_thread_in_native, id=6604, stack(0x0000000017000000,0x0000000017100000)]

siginfo: ExceptionCode=0xc0000005, reading address 0x000000000000001d

Registers:
RAX=0x00007ffea415bd50, RBX=0x0000000000000005, RCX=0x0000000000000005, RDX=0x00000000170ff1f8
RSP=0x00000000170ff110, RBP=0x00000000170ff1e8, RSI=0x00000000a1b7cb90, RDI=0x00000001000c7828
R8 =0x0000000000000005, R9 =0x000000000000001b, R10=0x0000000002507f28, R11=0x0000000064f6b4a0
R12=0x0000000000000000, R13=0x0000000015a07bd0, R14=0x00000000170ff210, R15=0x0000000015d9a000
RIP=0x00007ffea4151089, EFLAGS=0x0000000000010202

Top of Stack: (sp=0x00000000170ff110)
0x00000000170ff110:   0000000015d9a000 00000000170ff3a0
0x00000000170ff120:   00000000170ff330 0000000000000000
0x00000000170ff130:   0000000000000005 00007ffea415bd65
0x00000000170ff140:   000000000000001b 0000000000000000
0x00000000170ff150:   0000000000000001 00000000a1b7cc30
0x00000000170ff160:   0000000015a07bd0 0000000002507f54
0x00000000170ff170:   0000000015653d90 00000000a1b7cc30
0x00000000170ff180:   000000010002e330 0000000015653d00
0x00000000170ff190:   00000000170ff380 00000000026b0a43
0x00000000170ff1a0:   ffffffffffffffff 00000000170ff1a8
0x00000000170ff1b0:   0000000000000000 00000000170ff210
0x00000000170ff1c0:   000000001f678e90 0000000000000000
0x00000000170ff1d0:   0000000015a07bd0 0000000000000000
0x00000000170ff1e0:   00000000170ff208 00000000170ff258
0x00000000170ff1f0:   00000000024f835d 00000000e2339650
0x00000000170ff200:   00000000025019d8 0000000000000005 

Instructions: (pc=0x00007ffea4151089)
0x00007ffea4151069:   48 8b c7 48 8b 5c 24 48 48 83 c4 30 5f c3 cc cc
0x00007ffea4151079:   cc cc cc cc cc cc cc 40 53 48 83 ec 20 48 8b d9
0x00007ffea4151089:   48 8b 49 18 48 85 c9 74 15 83 ca ff e8 76 cf 06
0x00007ffea4151099:   00 83 f8 01 75 08 48 8b cb e8 89 c7 03 00 45 33 


Register to memory mapping:

RAX=0x00007ffea415bd50 is an unknown value
RBX=0x0000000000000005 is an unknown value
RCX=0x0000000000000005 is an unknown value
RDX=0x00000000170ff1f8 is pointing into the stack for thread: 0x0000000015d9a000
RSP=0x00000000170ff110 is pointing into the stack for thread: 0x0000000015d9a000
RBP=0x00000000170ff1e8 is pointing into the stack for thread: 0x0000000015d9a000
RSI=0x00000000a1b7cb90 is an oop
org.opencv.core.Mat 
 - klass: 'org/opencv/core/Mat'
RDI=0x00000001000c7828 is pointing into metadata
R8 =0x0000000000000005 is an unknown value
R9 =0x000000000000001b is an unknown value
R10=0x0000000002507f28 is at code_begin+840 in an Interpreter codelet
method entry point (kind = native)  [0x0000000002507be0, 0x0000000002508540]  2400 bytes
R11=0x0000000064f6b4a0 is an unknown value
R12=0x0000000000000000 is an unknown value
R13={method} {0x0000000015a07bd8} 'n_delete' '(J)V' in 'org/opencv/core/Mat'
R14=0x00000000170ff210 is pointing into the stack for thread: 0x0000000015d9a000
R15=0x0000000015d9a000 is a thread


Stack: [0x0000000017000000,0x0000000017100000],  sp=0x00000000170ff110,  free space=1020k
Native frames: (J=compiled Java code, j=interpreted, Vv=VM code, C=native code)
C  [opencv_java2413.dll+0x1089]
C  [opencv_java2413.dll+0xbd65]
C  0x0000000002507f54

Java frames: (J=compiled Java code, j=interpreted, Vv=VM code)
j  org.opencv.core.Mat.n_delete(J)V+0
j  org.opencv.core.Mat.finalize()V+4
J 855 C1 java.lang.ref.Finalizer.runFinalizer(Lsun/misc/JavaLangAccess;)V (62 bytes) @ 0x0000000002836fcc [0x0000000002836a40+0x58c]
J 854 C1 java.lang.ref.Finalizer.access$100(Ljava/lang/ref/Finalizer;Lsun/misc/JavaLangAccess;)V (6 bytes) @ 0x00000000028366dc [0x0000000002836680+0x5c]
j  java.lang.ref.Finalizer$FinalizerThread.run()V+45
v  ~StubRoutines::call_stub

---------------  P R O C E S S  ---------------

Java Threads: ( => current thread )
  0x0000000019d2a000 JavaThread "Prism Font Disposer" daemon [_thread_blocked, id=6292, stack(0x000000001c390000,0x000000001c490000)]
  0x0000000019a6a800 JavaThread "JavaFX-Launcher" [_thread_blocked, id=8504, stack(0x000000001a480000,0x000000001a580000)]
  0x0000000019a17800 JavaThread "Thread-2" daemon [_thread_in_native, id=2748, stack(0x000000001a1c0000,0x000000001a2c0000)]
  0x0000000017ab6000 JavaThread "JavaFX Application Thread" [_thread_in_native, id=3124, stack(0x00000000182c0000,0x00000000183c0000)]
  0x0000000017aa0000 JavaThread "Thread-1" daemon [_thread_blocked, id=6480, stack(0x00000000181c0000,0x00000000182c0000)]
  0x0000000017a8f000 JavaThread "QuantumRenderer-0" daemon [_thread_blocked, id=4720, stack(0x0000000017cf0000,0x0000000017df0000)]
  0x0000000015e0e800 JavaThread "Service Thread" daemon [_thread_blocked, id=6104, stack(0x0000000017af0000,0x0000000017bf0000)]
  0x0000000015dbb000 JavaThread "C1 CompilerThread2" daemon [_thread_blocked, id=8044, stack(0x00000000175f0000,0x00000000176f0000)]
  0x0000000015db2800 JavaThread "C2 CompilerThread1" daemon [_thread_blocked, id=7840, stack(0x00000000174f0000,0x00000000175f0000)]
  0x0000000015daf800 JavaThread "C2 CompilerThread0" daemon [_thread_blocked, id=5048, stack(0x00000000173f0000,0x00000000174f0000)]
  0x0000000015dad000 JavaThread "Attach Listener" daemon [_thread_blocked, id=8844, stack(0x00000000172f0000,0x00000000173f0000)]
  0x0000000015dac000 JavaThread "Signal Dispatcher" daemon [_thread_blocked, id=2764, stack(0x00000000171f0000,0x00000000172f0000)]
=>0x0000000015d9a000 JavaThread "Finalizer" daemon [_thread_in_native, id=6604, stack(0x0000000017000000,0x0000000017100000)]
  0x00000000024df000 JavaThread "Reference Handler" daemon [_thread_blocked, id=5692, stack(0x0000000016f00000,0x0000000017000000)]
  0x00000000023f0800 JavaThread "main" [_thread_blocked, id=8184, stack(0x00000000022f0000,0x00000000023f0000)]

Other Threads:
  0x0000000015d78000 VMThread [stack: 0x0000000016e00000,0x0000000016f00000] [id=6348]
  0x000000001773d800 WatcherThread [stack: 0x0000000017bf0000,0x0000000017cf0000] [id=8008]

VM state:not at safepoint (normal execution)

VM Mutex/Monitor currently owned by a thread: None

Heap:
 PSYoungGen      total 28672K, used 4967K [0x00000000e0700000, 0x00000000e2700000, 0x0000000100000000)
  eden space 24576K, 3% used [0x00000000e0700000,0x00000000e07dd220,0x00000000e1f00000)
  from space 4096K, 99% used [0x00000000e2300000,0x00000000e26fcad0,0x00000000e2700000)
  to   space 4096K, 0% used [0x00000000e1f00000,0x00000000e1f00000,0x00000000e2300000)
 ParOldGen       total 65536K, used 7807K [0x00000000a1400000, 0x00000000a5400000, 0x00000000e0700000)
  object space 65536K, 11% used [0x00000000a1400000,0x00000000a1b9fcf8,0x00000000a5400000)
 Metaspace       used 17264K, capacity 18130K, committed 18432K, reserved 1064960K
  class space    used 2490K, capacity 2694K, committed 2816K, reserved 1048576K

Card table byte_map: [0x00000000118b0000,0x0000000011bb0000] byte_map_base: 0x00000000113a6000

Marking Bits: (ParMarkBitMap*) 0x000000006555a6d0
 Begin Bits: [0x00000000121b0000, 0x0000000013960000)
 End Bits:   [0x0000000013960000, 0x0000000015110000)

Polling page: 0x0000000000ae0000

CodeCache: size=245760Kb used=7700Kb max_used=7713Kb free=238059Kb
 bounds [0x00000000024f0000, 0x0000000002c80000, 0x00000000114f0000]
 total_blobs=3314 nmethods=2495 adapters=730
 compilation: enabled

Compilation events (10 events):
Event: 25.076 Thread 0x0000000015dbb000 2491       3       com.sun.javafx.tk.quantum.ViewScene::getWindowStage (8 bytes)
Event: 25.076 Thread 0x0000000015dbb000 nmethod 2491 0x0000000002c75f90 code [0x0000000002c76100, 0x0000000002c763d0]
Event: 25.076 Thread 0x0000000015dbb000 2492       3       com.sun.javafx.tk.quantum.GlassViewEventHandler::access$500 (5 bytes)
Event: 25.077 Thread 0x0000000015dbb000 nmethod 2492 0x0000000002c76490 code [0x0000000002c76600, 0x0000000002c76768]
Event: 25.077 Thread 0x0000000015dbb000 2493       3       java.util.EnumMap::values (26 bytes)
Event: 25.077 Thread 0x0000000015dbb000 nmethod 2493 0x0000000002c76810 code [0x0000000002c76980, 0x0000000002c76d10]
Event: 25.108 Thread 0x0000000015dbb000 2494       1       java.lang.ref.Finalizer::access$000 (4 bytes)
Event: 25.109 Thread 0x0000000015dbb000 nmethod 2494 0x0000000002c76ed0 code [0x0000000002c77020, 0x0000000002c77110]
Event: 25.109 Thread 0x0000000015db2800 2495   !   4       java.util.zip.ZipFile$ZipFileInputStream::close (110 bytes)
Event: 25.119 Thread 0x0000000015db2800 nmethod 2495 0x0000000002c7a610 code [0x0000000002c7a7a0, 0x0000000002c7b068]

GC Heap History (4 events):
Event: 0.690 GC heap before
{Heap before GC invocations=1 (full 0):
 PSYoungGen      total 28672K, used 24576K [0x00000000e0700000, 0x00000000e2700000, 0x0000000100000000)
  eden space 24576K, 100% used [0x00000000e0700000,0x00000000e1f00000,0x00000000e1f00000)
  from space 4096K, 0% used [0x00000000e2300000,0x00000000e2300000,0x00000000e2700000)
  to   space 4096K, 0% used [0x00000000e1f00000,0x00000000e1f00000,0x00000000e2300000)
 ParOldGen       total 65536K, used 0K [0x00000000a1400000, 0x00000000a5400000, 0x00000000e0700000)
  object space 65536K, 0% used [0x00000000a1400000,0x00000000a1400000,0x00000000a5400000)
 Metaspace       used 13354K, capacity 14008K, committed 14208K, reserved 1060864K
  class space    used 1919K, capacity 2083K, committed 2176K, reserved 1048576K
Event: 0.695 GC heap after
Heap after GC invocations=1 (full 0):
 PSYoungGen      total 28672K, used 3693K [0x00000000e0700000, 0x00000000e2700000, 0x0000000100000000)
  eden space 24576K, 0% used [0x00000000e0700000,0x00000000e0700000,0x00000000e1f00000)
  from space 4096K, 90% used [0x00000000e1f00000,0x00000000e229b6e8,0x00000000e2300000)
  to   space 4096K, 0% used [0x00000000e2300000,0x00000000e2300000,0x00000000e2700000)
 ParOldGen       total 65536K, used 80K [0x00000000a1400000, 0x00000000a5400000, 0x00000000e0700000)
  object space 65536K, 0% used [0x00000000a1400000,0x00000000a1414010,0x00000000a5400000)
 Metaspace       used 13354K, capacity 14008K, committed 14208K, reserved 1060864K
  class space    used 1919K, capacity 2083K, committed 2176K, reserved 1048576K
}
Event: 25.083 GC heap before
{Heap before GC invocations=2 (full 0):
 PSYoungGen      total 28672K, used 28269K [0x00000000e0700000, 0x00000000e2700000, 0x0000000100000000)
  eden space 24576K, 100% used [0x00000000e0700000,0x00000000e1f00000,0x00000000e1f00000)
  from space 4096K, 90% used [0x00000000e1f00000,0x00000000e229b6e8,0x00000000e2300000)
  to   space 4096K, 0% used [0x00000000e2300000,0x00000000e2300000,0x00000000e2700000)
 ParOldGen       total 65536K, used 80K [0x00000000a1400000, 0x00000000a5400000, 0x00000000e0700000)
  object space 65536K, 0% used [0x00000000a1400000,0x00000000a1414010,0x00000000a5400000)
 Metaspace       used 17264K, capacity 18130K, committed 18432K, reserved 1064960K
  class space    used 2490K, capacity 2694K, committed 2816K, reserved 1048576K
Event: 25.107 GC heap after
Heap after GC invocations=2 (full 0):
 PSYoungGen      total 28672K, used 4082K [0x00000000e0700000, 0x00000000e2700000, 0x0000000100000000)
  eden space 24576K, 0% used [0x00000000e0700000,0x00000000e0700000,0x00000000e1f00000)
  from space 4096K, 99% used [0x00000000e2300000,0x00000000e26fcad0,0x00000000e2700000)
  to   space 4096K, 0% used [0x00000000e1f00000,0x00000000e1f00000,0x00000000e2300000)
 ParOldGen       total 65536K, used 7807K [0x00000000a1400000, 0x00000000a5400000, 0x00000000e0700000)
  object space 65536K, 11% used [0x00000000a1400000,0x00000000a1b9fcf8,0x00000000a5400000)
 Metaspace       used 17264K, capacity 18130K, committed 18432K, reserved 1064960K
  class space    used 2490K, capacity 2694K, committed 2816K, reserved 1048576K
}

Deoptimization events (10 events):
Event: 0.953 Thread 0x0000000017ab6000 Uncommon trap: reason=array_check action=maybe_recompile pc=0x000000000297252c method=com.sun.javafx.css.SimpleSelector.applies(Ljavafx/css/Styleable;[Ljava/util/Set;I)Z @ 37
Event: 0.953 Thread 0x0000000017ab6000 Uncommon trap: reason=array_check action=maybe_recompile pc=0x000000000297252c method=com.sun.javafx.css.SimpleSelector.applies(Ljavafx/css/Styleable;[Ljava/util/Set;I)Z @ 37
Event: 0.969 Thread 0x0000000017ab6000 Uncommon trap: reason=null_check action=make_not_entrant pc=0x0000000002986740 method=com.sun.javafx.css.SimpleSelector.applies(Ljavafx/css/Styleable;)Z @ 77
Event: 1.016 Thread 0x0000000017ab6000 Uncommon trap: reason=bimorphic action=maybe_recompile pc=0x00000000028b645c method=java.util.HashMap.putVal(ILjava/lang/Object;Ljava/lang/Object;ZZ)Ljava/lang/Object; @ 203
Event: 1.067 Thread 0x0000000017ab6000 Uncommon trap: reason=unstable_if action=reinterpret pc=0x0000000002a25400 method=java.util.WeakHashMap.eq(Ljava/lang/Object;Ljava/lang/Object;)Z @ 2
Event: 1.934 Thread 0x0000000017ab6000 Uncommon trap: reason=unstable_if action=reinterpret pc=0x00000000027d4e28 method=jdk.internal.org.objectweb.asm.Type.getArgumentsAndReturnSizes(Ljava/lang/String;)I @ 47
Event: 6.288 Thread 0x0000000017ab6000 Uncommon trap: reason=class_check action=maybe_recompile pc=0x0000000002b65920 method=javafx.scene.Node$MiscProperties.getEffect()Ljavafx/scene/effect/Effect; @ 20
Event: 6.288 Thread 0x0000000017ab6000 Uncommon trap: reason=class_check action=maybe_recompile pc=0x0000000002b65920 method=javafx.scene.Node$MiscProperties.getEffect()Ljavafx/scene/effect/Effect; @ 20
Event: 6.288 Thread 0x0000000017ab6000 Uncommon trap: reason=class_check action=maybe_recompile pc=0x0000000002b65920 method=javafx.scene.Node$MiscProperties.getEffect()Ljavafx/scene/effect/Effect; @ 20
Event: 6.288 Thread 0x0000000017ab6000 Uncommon trap: reason=class_check action=maybe_recompile pc=0x0000000002b65920 method=javafx.scene.Node$MiscProperties.getEffect()Ljavafx/scene/effect/Effect; @ 20

Internal exceptions (10 events):
Event: 0.422 Thread 0x0000000017ab6000 Exception <a 'java/lang/ArrayIndexOutOfBoundsException': 18> (0x00000000e1653388) thrown at [C:\re\workspace\8-2-build-windows-amd64-cygwin\jdk8u101\7261\hotspot\src\share\vm\interpreter\interpreterRuntime.cpp, line 366]
Event: 0.422 Thread 0x0000000017ab6000 Exception <a 'java/lang/ArrayIndexOutOfBoundsException': 86> (0x00000000e1654730) thrown at [C:\re\workspace\8-2-build-windows-amd64-cygwin\jdk8u101\7261\hotspot\src\share\vm\interpreter\interpreterRuntime.cpp, line 366]
Event: 0.423 Thread 0x0000000017ab6000 Exception <a 'java/lang/ArrayIndexOutOfBoundsException'> (0x00000000e1659990) thrown at [C:\re\workspace\8-2-build-windows-amd64-cygwin\jdk8u101\7261\hotspot\src\share\vm\runtime\sharedRuntime.cpp, line 605]
Event: 0.463 Thread 0x0000000017ab6000 Implicit null exception at 0x0000000002765ef5 to 0x00000000027660cd
Event: 0.790 Thread 0x0000000017ab6000 Exception <a 'java/lang/ArrayIndexOutOfBoundsException'> (0x00000000e0b2be18) thrown at [C:\re\workspace\8-2-build-windows-amd64-cygwin\jdk8u101\7261\hotspot\src\share\vm\runtime\sharedRuntime.cpp, line 605]
Event: 0.855 Thread 0x0000000017ab6000 Exception <a 'java/lang/ArrayIndexOutOfBoundsException'> (0x00000000e0e7f908) thrown at [C:\re\workspace\8-2-build-windows-amd64-cygwin\jdk8u101\7261\hotspot\src\share\vm\runtime\sharedRuntime.cpp, line 605]
Event: 0.969 Thread 0x0000000017ab6000 Implicit null exception at 0x00000000029856d1 to 0x0000000002986735
Event: 8.760 Thread 0x0000000017ab6000 Exception <a 'java/lang/Exception': unknown exception> (0x00000000e1eb4880) thrown at [C:\re\workspace\8-2-build-windows-amd64-cygwin\jdk8u101\7261\hotspot\src\share\vm\prims\jni.cpp, line 735]
Event: 8.760 Thread 0x0000000017ab6000 Exception <a 'java/lang/reflect/InvocationTargetException'> (0x00000000e1eb4e58) thrown at [C:\re\workspace\8-2-build-windows-amd64-cygwin\jdk8u101\7261\hotspot\src\share\vm\runtime\reflection.cpp, line 1092]
Event: 8.760 Thread 0x0000000017ab6000 Exception <a 'java/lang/RuntimeException'> (0x00000000e1eb5648) thrown at [C:\re\workspace\8-2-build-windows-amd64-cygwin\jdk8u101\7261\hotspot\src\share\vm\prims\jvm.cpp, line 1390]

Events (10 events):
Event: 8.761 loading class java/lang/Throwable$WrappedPrintStream
Event: 8.761 loading class java/lang/Throwable$PrintStreamOrWriter
Event: 8.761 loading class java/lang/Throwable$PrintStreamOrWriter done
Event: 8.761 loading class java/lang/Throwable$WrappedPrintStream done
Event: 8.761 loading class java/util/IdentityHashMap$KeySet
Event: 8.762 loading class java/util/IdentityHashMap$KeySet done
Event: 25.083 Executing VM operation: ParallelGCFailedAllocation
Event: 25.108 Executing VM operation: ParallelGCFailedAllocation done
Event: 25.108 Executing VM operation: RevokeBias
Event: 25.109 Executing VM operation: RevokeBias done


Dynamic libraries:
0x00007ff760070000 - 0x00007ff7600a7000 	C:\Program Files\Java\jre1.8.0_101\bin\javaw.exe
0x00007ffeea6c0000 - 0x00007ffeea86d000 	C:\WINDOWS\SYSTEM32\ntdll.dll
0x00007ffee6e00000 - 0x00007ffee6f3e000 	C:\WINDOWS\system32\KERNEL32.DLL
0x00007ffed4d90000 - 0x00007ffed4dc3000 	C:\Program Files (x86)\AVG\Av\avghooka.dll
0x00007ffee6710000 - 0x00007ffee6825000 	C:\WINDOWS\system32\KERNELBASE.dll
0x00007ffee3f40000 - 0x00007ffee3fce000 	C:\WINDOWS\system32\apphelp.dll
0x00007ffec21d0000 - 0x00007ffec2223000 	C:\WINDOWS\AppPatch\AppPatch64\AcGenral.DLL
0x00007ffee7880000 - 0x00007ffee792a000 	C:\WINDOWS\system32\msvcrt.dll
0x00007ffee66e0000 - 0x00007ffee670e000 	C:\WINDOWS\system32\SspiCli.dll
0x00007ffee92f0000 - 0x00007ffee9344000 	C:\WINDOWS\system32\SHLWAPI.dll
0x00007ffee7080000 - 0x00007ffee71f7000 	C:\WINDOWS\system32\USER32.dll
0x00007ffee8e60000 - 0x00007ffee8ff4000 	C:\WINDOWS\system32\ole32.dll
0x00007ffee7930000 - 0x00007ffee8e5a000 	C:\WINDOWS\system32\SHELL32.dll
0x00007ffee5670000 - 0x00007ffee5691000 	C:\WINDOWS\SYSTEM32\USERENV.dll
0x00007ffee6a60000 - 0x00007ffee6b0a000 	C:\WINDOWS\system32\ADVAPI32.dll
0x00007ffedcc60000 - 0x00007ffedcc7e000 	C:\WINDOWS\SYSTEM32\MPR.dll
0x00007ffee6b10000 - 0x00007ffee6c50000 	C:\WINDOWS\system32\RPCRT4.dll
0x00007ffee9350000 - 0x00007ffee93a9000 	C:\WINDOWS\SYSTEM32\sechost.dll
0x00007ffee7660000 - 0x00007ffee7871000 	C:\WINDOWS\SYSTEM32\combase.dll
0x00007ffee74b0000 - 0x00007ffee75ff000 	C:\WINDOWS\system32\GDI32.dll
0x00007ffee6500000 - 0x00007ffee6515000 	C:\WINDOWS\SYSTEM32\profapi.dll
0x00007ffee5890000 - 0x00007ffee5942000 	C:\WINDOWS\SYSTEM32\SHCORE.dll
0x00007ffee6db0000 - 0x00007ffee6de6000 	C:\WINDOWS\system32\IMM32.DLL
0x00007ffee6c50000 - 0x00007ffee6da2000 	C:\WINDOWS\system32\MSCTF.dll
0x00007ffee5cd0000 - 0x00007ffee5f4b000 	C:\WINDOWS\WinSxS\amd64_microsoft.windows.common-controls_6595b64144ccf1df_6.0.9600.18006_none_623f33d3ecbe86e8\COMCTL32.dll
0x00000000656e0000 - 0x00000000657b2000 	C:\Program Files\Java\jre1.8.0_101\bin\msvcr100.dll
0x0000000064d40000 - 0x00000000655da000 	C:\Program Files\Java\jre1.8.0_101\bin\server\jvm.dll
0x00007ffed4d80000 - 0x00007ffed4d89000 	C:\WINDOWS\SYSTEM32\WSOCK32.dll
0x00007ffed44e0000 - 0x00007ffed4502000 	C:\WINDOWS\SYSTEM32\WINMM.dll
0x00007ffee49c0000 - 0x00007ffee49ca000 	C:\WINDOWS\SYSTEM32\VERSION.dll
0x00007ffee72c0000 - 0x00007ffee72c7000 	C:\WINDOWS\system32\PSAPI.DLL
0x00007ffee6f50000 - 0x00007ffee6faa000 	C:\WINDOWS\system32\WS2_32.dll
0x00007ffed44b0000 - 0x00007ffed44da000 	C:\WINDOWS\SYSTEM32\WINMMBASE.dll
0x00007ffee6f40000 - 0x00007ffee6f49000 	C:\WINDOWS\system32\NSI.dll
0x00007ffee6a10000 - 0x00007ffee6a5f000 	C:\WINDOWS\SYSTEM32\cfgmgr32.dll
0x00007ffee46c0000 - 0x00007ffee46e8000 	C:\WINDOWS\SYSTEM32\DEVOBJ.dll
0x0000000066590000 - 0x000000006659f000 	C:\Program Files\Java\jre1.8.0_101\bin\verify.dll
0x0000000066560000 - 0x0000000066589000 	C:\Program Files\Java\jre1.8.0_101\bin\java.dll
0x0000000066540000 - 0x0000000066556000 	C:\Program Files\Java\jre1.8.0_101\bin\zip.dll
0x00007ffeba260000 - 0x00007ffeba34f000 	C:\Program Files\Java\jre1.8.0_101\bin\msvcr120.dll
0x00007ffeb8f40000 - 0x00007ffeb8fe6000 	C:\Program Files\Java\jre1.8.0_101\bin\msvcp120.dll
0x0000000066450000 - 0x0000000066472000 	C:\Program Files\Java\jre1.8.0_101\bin\prism_d3d.dll
0x00007ffebce10000 - 0x00007ffebd031000 	C:\WINDOWS\system32\d3d9.dll
0x00007ffee40c0000 - 0x00007ffee40e1000 	C:\WINDOWS\SYSTEM32\dwmapi.dll
0x00007ffee4590000 - 0x00007ffee46b9000 	C:\WINDOWS\system32\uxtheme.dll
0x00007ffee2ed0000 - 0x00007ffee3014000 	C:\WINDOWS\SYSTEM32\aticfx64.dll
0x00007ffeb1c80000 - 0x00007ffeb1ca0000 	C:\WINDOWS\SYSTEM32\atiu9p64.dll
0x00007ffeaa8f0000 - 0x00007ffeac08c000 	C:\WINDOWS\SYSTEM32\igdumdim64.dll
0x00007ffeaa180000 - 0x00007ffeaa8e1000 	C:\WINDOWS\SYSTEM32\atiumd64.dll
0x0000000065690000 - 0x00000000656d3000 	C:\Program Files\Java\jre1.8.0_101\bin\glass.dll
0x00007ffee6fc0000 - 0x00007ffee7076000 	C:\WINDOWS\system32\COMDLG32.dll
0x00007ffee9220000 - 0x00007ffee92e1000 	C:\WINDOWS\system32\OLEAUT32.dll
0x00007ffee4580000 - 0x00007ffee458b000 	C:\WINDOWS\SYSTEM32\kernel.appcore.dll
0x00007ffee6370000 - 0x00007ffee637b000 	C:\WINDOWS\SYSTEM32\CRYPTBASE.dll
0x00007ffee6300000 - 0x00007ffee6363000 	C:\WINDOWS\SYSTEM32\bcryptPrimitives.dll
0x00007ffee1120000 - 0x00007ffee1ae9000 	C:\WINDOWS\SYSTEM32\igdusc64.dll
0x00007ffea4150000 - 0x00007ffea4b25000 	C:\opencv\build\java\x64\opencv_java2413.dll
0x00007ffedfc90000 - 0x00007ffedfcb1000 	C:\WINDOWS\SYSTEM32\AVIFIL32.dll
0x00007ffedecd0000 - 0x00007ffedecf9000 	C:\WINDOWS\SYSTEM32\MSVFW32.dll
0x00007ffedfd00000 - 0x00007ffedfd17000 	C:\WINDOWS\SYSTEM32\AVICAP32.dll
0x00007ffec1590000 - 0x00007ffec15ac000 	C:\WINDOWS\SYSTEM32\MSACM32.dll
0x0000000066430000 - 0x0000000066444000 	C:\Program Files\Java\jre1.8.0_101\bin\javafx_font.dll
0x00007ffebcc20000 - 0x00007ffebce0c000 	C:\WINDOWS\SYSTEM32\dwrite.dll
0x00007ffee7200000 - 0x00007ffee72b6000 	C:\WINDOWS\SYSTEM32\clbcatq.dll
0x00007ffec5cd0000 - 0x00007ffec5e7e000 	C:\WINDOWS\SYSTEM32\WindowsCodecs.dll
0x00007ffee5a20000 - 0x00007ffee5a40000 	C:\WINDOWS\SYSTEM32\CRYPTSP.dll
0x00007ffee5480000 - 0x00007ffee54b6000 	C:\WINDOWS\system32\rsaenh.dll
0x00007ffee5ca0000 - 0x00007ffee5cc6000 	C:\WINDOWS\SYSTEM32\bcrypt.dll
0x00007ffec21a0000 - 0x00007ffec21ce000 	C:\Program Files\Common Files\Microsoft Shared\Ink\rtscom.dll
0x00007ffec1ba0000 - 0x00007ffec2021000 	C:\WINDOWS\SYSTEM32\d2d1.dll
0x00007ffee3020000 - 0x00007ffee3253000 	C:\WINDOWS\SYSTEM32\d3d11.dll
0x00007ffee37f0000 - 0x00007ffee3877000 	C:\WINDOWS\SYSTEM32\dxgi.dll
0x00007ffec1290000 - 0x00007ffec14ef000 	C:\WINDOWS\SYSTEM32\D3D10Warp.dll
0x0000000065670000 - 0x0000000065681000 	C:\Program Files\Java\jre1.8.0_101\bin\prism_common.dll
0x00007ffee0cf0000 - 0x00007ffee0e6f000 	C:\WINDOWS\SYSTEM32\PROPSYS.dll
0x00007ffebc070000 - 0x00007ffebc11b000 	C:\Program Files\Common Files\microsoft shared\ink\tiptsf.dll
0x00007ffebb730000 - 0x00007ffebba2e000 	C:\WINDOWS\system32\explorerframe.dll
0x00007ffee4010000 - 0x00007ffee40b4000 	C:\WINDOWS\system32\DUser.dll
0x00007ffee40f0000 - 0x00007ffee42b1000 	C:\WINDOWS\system32\DUI70.dll
0x00007ffeb8e10000 - 0x00007ffeb8f3b000 	C:\Windows\System32\Windows.Globalization.dll
0x00007ffee3b40000 - 0x00007ffee3ba6000 	C:\Windows\System32\Bcp47Langs.dll
0x00007ffebd1f0000 - 0x00007ffebd21c000 	C:\WINDOWS\SYSTEM32\globinputhost.dll
0x00007ffeb50d0000 - 0x00007ffeb518c000 	C:\WINDOWS\System32\StructuredQuery.dll
0x00007ffec2bd0000 - 0x00007ffec2e93000 	C:\Windows\System32\actxprxy.dll
0x00007ffecbe70000 - 0x00007ffecbe7f000 	C:\WINDOWS\SYSTEM32\atlthunk.dll
0x00007ffedfd90000 - 0x00007ffedfd9b000 	C:\WINDOWS\System32\drprov.dll
0x00007ffee6420000 - 0x00007ffee647a000 	C:\WINDOWS\System32\WINSTA.dll
0x00007ffedfd70000 - 0x00007ffedfd87000 	C:\WINDOWS\System32\ntlanman.dll
0x00007ffedf9c0000 - 0x00007ffedf9df000 	C:\WINDOWS\System32\davclnt.dll
0x00007ffec2770000 - 0x00007ffec277c000 	C:\WINDOWS\System32\DAVHLPR.dll
0x00007ffee56e0000 - 0x00007ffee56f7000 	C:\WINDOWS\System32\wkscli.dll
0x00007ffed4d30000 - 0x00007ffed4d42000 	C:\WINDOWS\SYSTEM32\cscapi.dll
0x00007ffee53e0000 - 0x00007ffee53ec000 	C:\WINDOWS\System32\netutils.dll
0x00007ffee72d0000 - 0x00007ffee74aa000 	C:\WINDOWS\system32\SETUPAPI.dll
0x00007ffedbe70000 - 0x00007ffedbe9e000 	C:\Windows\System32\thumbcache.dll
0x00007ffeb33e0000 - 0x00007ffeb345b000 	C:\Windows\System32\dlnashext.dll
0x00007ffebb3a0000 - 0x00007ffebb3ee000 	C:\Windows\System32\PlayToDevice.dll
0x00007ffebbf40000 - 0x00007ffebbf5e000 	C:\Windows\System32\DevDispItemProvider.dll
0x00007ffee0640000 - 0x00007ffee066a000 	C:\WINDOWS\SYSTEM32\IPHLPAPI.DLL
0x00007ffee0610000 - 0x00007ffee061a000 	C:\WINDOWS\SYSTEM32\WINNSI.DLL
0x00007ffedff20000 - 0x00007ffedff36000 	C:\WINDOWS\SYSTEM32\dhcpcsvc6.DLL
0x00007ffedff00000 - 0x00007ffedff1a000 	C:\WINDOWS\SYSTEM32\dhcpcsvc.DLL
0x00007ffee5fa0000 - 0x00007ffee5fe3000 	C:\WINDOWS\System32\netprofm.dll
0x00007ffee34b0000 - 0x00007ffee34be000 	C:\WINDOWS\System32\npmproxy.dll
0x00007ffecc240000 - 0x00007ffecc2f4000 	C:\Windows\System32\PortableDeviceApi.dll
0x00007ffee65d0000 - 0x00007ffee6621000 	C:\WINDOWS\system32\WINTRUST.dll
0x00007ffee6830000 - 0x00007ffee6a0f000 	C:\WINDOWS\system32\CRYPT32.dll
0x00007ffee65b0000 - 0x00007ffee65c1000 	C:\WINDOWS\system32\MSASN1.dll
0x00007ffebc840000 - 0x00007ffebc877000 	C:\Windows\System32\EhStorShell.dll
0x00007ffebd1c0000 - 0x00007ffebd1e6000 	C:\Windows\System32\EhStorAPI.dll
0x00007ffee35b0000 - 0x00007ffee35c2000 	C:\Windows\System32\WTSAPI32.dll
0x00007ffebc120000 - 0x00007ffebc25c000 	C:\WINDOWS\system32\SearchFolder.dll
0x00007ffec5fe0000 - 0x00007ffec60a9000 	C:\Windows\System32\twinapi.dll
0x00007ffec0da0000 - 0x00007ffec0e40000 	C:\Windows\System32\twinapi.appcore.dll
0x00007ffeb8b20000 - 0x00007ffeb8cbd000 	C:\WINDOWS\system32\NetworkExplorer.dll
0x00007ffedbf00000 - 0x00007ffedbf28000 	C:\WINDOWS\System32\IDStore.dll
0x00007ffee0300000 - 0x00007ffee031f000 	C:\WINDOWS\System32\SAMLIB.dll
0x00007ffec7220000 - 0x00007ffec7299000 	C:\WINDOWS\System32\wlidprov.dll
0x0000000180000000 - 0x0000000180076000 	C:\Program Files (x86)\SugarSync\SugarSyncShellExt_x64.dll
0x0000000066af0000 - 0x0000000066bb9000 	C:\WINDOWS\WinSxS\amd64_microsoft.vc80.crt_1fc8b3b9a1e18e3b_8.0.50727.8428_none_88dcdb0b2fb19957\MSVCR80.dll
0x00007ffeb6d60000 - 0x00007ffeb6d85000 	C:\WINDOWS\system32\mssprxy.dll
0x00007ffebc8d0000 - 0x00007ffebc98a000 	C:\WINDOWS\SYSTEM32\ntshrui.dll
0x00007ffee6290000 - 0x00007ffee62b6000 	C:\WINDOWS\SYSTEM32\srvcli.dll
0x00007ffecbe90000 - 0x00007ffecbe9d000 	C:\WINDOWS\SYSTEM32\LINKINFO.dll
0x00007ffebca90000 - 0x00007ffebcc1e000 	C:\Windows\System32\dfshim.dll
0x00007ffed3650000 - 0x00007ffed36b4000 	C:\Windows\System32\mscoree.dll
0x00007ffedea20000 - 0x00007ffedeba6000 	C:\Windows\System32\urlmon.dll
0x00007ffede750000 - 0x00007ffedea19000 	C:\Windows\System32\iertutil.dll

VM Arguments:
jvm_args: -Djava.library.path=C:\opencv\build\java\x64 -Dfile.encoding=Cp1250 
java_command: address.MainApp
java_class_path (initial): C:\Users\Magda\workspace\redukcja_szumow\Redukcja_szumow_inz\bin;C:\opencv\build\java\opencv-2413.jar;C:\Users\Magda\.eclipse\org.eclipse.platform_4.5.2_1709980481_win32_win32_x86_64\plugins\org.eclipse.fx.ide.css.jfx8_2.4.0.201605112122.jar
Launcher Type: SUN_STANDARD

Environment Variables:
PATH=C:/Program Files/Java/jre1.8.0_101/bin/server;C:/Program Files/Java/jre1.8.0_101/bin;C:/Program Files/Java/jre1.8.0_101/lib/amd64;C:\ProgramData\Oracle\Java\javapath;C:\oraclexe\app\oracle\product\11.2.0\server\bin;C:\Program Files (x86)\AMD APP\bin\x86_64;C:\Program Files (x86)\AMD APP\bin\x86;C:\Program Files (x86)\Intel\iCLS Client\;C:\Program Files\Intel\iCLS Client\;C:\WINDOWS\system32;C:\WINDOWS;C:\WINDOWS\System32\Wbem;C:\WINDOWS\System32\WindowsPowerShell\v1.0\;C:\Program Files\Intel\Intel(R) Management Engine Components\DAL;C:\Program Files\Intel\Intel(R) Management Engine Components\IPT;C:\Program Files (x86)\Intel\Intel(R) Management Engine Components\DAL;C:\WINDOWS\system32\config\systemprofile\.dnx\bin;C:\Program Files\Microsoft DNX\Dnvm\;C:\Program Files\MATLAB\R2015b\bin;C:\Program Files\MATLAB\R2013a\runtime\win64;C:\Program Files\MATLAB\R2013a\bin;C:\Program Files (x86)\Windows Live\Shared;C:\Program Files\Java\jdk1.8.0_101\bin;C:\Program Files (x86)\Microsoft SQL Server\Client SDK\ODBC\130\Tools\Binn\;C:\Program Files (x86)\Microsoft SQL Server\130\Tools\Binn\;C:\Program Files (x86)\Microsoft SQL Server\130\DTS\Binn\;C:\Program Files (x86)\Microsoft SQL Server\130\Tools\Binn\ManagementStudio\;C:\Program Files\Microsoft SQL Server\Client SDK\ODBC\110\Tools\Binn\;C:\Program Files (x86)\Microsoft SQL Server\120\Tools\Binn\;C:\Program Files\Microsoft SQL Server\120\Tools\Binn\;C:\Program Files\Microsoft SQL Server\120\DTS\Binn\;C:\Program Files (x86)\Microsoft SQL Server\120\Tools\Binn\ManagementStudio\;C:\Program Files (x86)\Microsoft SQL Server\120\DTS\Binn\;C:\Program Files\eclipse;
USERNAME=Magda
OS=Windows_NT
PROCESSOR_IDENTIFIER=Intel64 Family 6 Model 60 Stepping 3, GenuineIntel



---------------  S Y S T E M  ---------------

OS: Windows 8.1 , 64 bit Build 9600 (6.3.9600.17415)

CPU:total 4 (2 cores per cpu, 2 threads per core) family 6 model 60 stepping 3, cmov, cx8, fxsr, mmx, sse, sse2, sse3, ssse3, sse4.1, sse4.2, popcnt, avx, avx2, aes, clmul, erms, lzcnt, ht, tsc, tscinvbit, bmi1, bmi2

Memory: 4k page, physical 6201624k(1590700k free), swap 12493080k(6674116k free)

vm_info: Java HotSpot(TM) 64-Bit Server VM (25.101-b13) for windows-amd64 JRE (1.8.0_101-b13), built on Jun 22 2016 01:21:29 by "java_re" with MS VC++ 10.0 (VS2010)

time: Sun Oct 30 16:06:42 2016
elapsed time: 25 seconds (0d 0h 0m 25s)

